EVENT: {"event_type": "training_started", "timestamp": "2025-12-04T18:27:57.364418", "experiment_id": "20251204_182736", "num_episodes": 30, "num_problems": 3, "seed": 42}
EVENT: {"event_type": "episode_started", "timestamp": "2025-12-04T18:27:57.364418", "experiment_id": "20251204_182736", "episode": 0, "problem_name": "problem_small_07.pddl"}
EVENT: {"event_type": "episode_completed", "timestamp": "2025-12-04T18:28:21.345425", "experiment_id": "20251204_182736", "episode": 0, "problem_name": "problem_small_07.pddl", "reward": 6.119137485925728, "steps": 22, "h_preservation": 0.6666666666666666, "is_solvable": true}
EVENT: {"event_type": "episode_started", "timestamp": "2025-12-04T18:28:21.403867", "experiment_id": "20251204_182736", "episode": 1, "problem_name": "problem_small_17.pddl"}
EVENT: {"event_type": "episode_completed", "timestamp": "2025-12-04T18:28:42.421157", "experiment_id": "20251204_182736", "episode": 1, "problem_name": "problem_small_17.pddl", "reward": 7.682991561115602, "steps": 22, "h_preservation": 0.8333333333333334, "is_solvable": true}
EVENT: {"event_type": "episode_started", "timestamp": "2025-12-04T18:28:42.429181", "experiment_id": "20251204_182736", "episode": 2, "problem_name": "problem_small_01.pddl"}
EVENT: {"event_type": "episode_completed", "timestamp": "2025-12-04T18:29:03.157302", "experiment_id": "20251204_182736", "episode": 2, "problem_name": "problem_small_01.pddl", "reward": 8.834542348019532, "steps": 22, "h_preservation": 0.7857142857142857, "is_solvable": true}
EVENT: {"event_type": "episode_started", "timestamp": "2025-12-04T18:29:03.175088", "experiment_id": "20251204_182736", "episode": 3, "problem_name": "problem_small_01.pddl"}
EVENT: {"event_type": "episode_completed", "timestamp": "2025-12-04T18:29:25.348691", "experiment_id": "20251204_182736", "episode": 3, "problem_name": "problem_small_01.pddl", "reward": 8.852711072335843, "steps": 22, "h_preservation": 0.7692307692307693, "is_solvable": true}
EVENT: {"event_type": "episode_started", "timestamp": "2025-12-04T18:29:25.365937", "experiment_id": "20251204_182736", "episode": 4, "problem_name": "problem_small_01.pddl"}
EVENT: {"event_type": "episode_completed", "timestamp": "2025-12-04T18:29:48.420644", "experiment_id": "20251204_182736", "episode": 4, "problem_name": "problem_small_01.pddl", "reward": 8.7170001154339, "steps": 22, "h_preservation": 0.8461538461538461, "is_solvable": true}
EVENT: {"event_type": "episode_started", "timestamp": "2025-12-04T18:29:48.422652", "experiment_id": "20251204_182736", "episode": 5, "problem_name": "problem_small_01.pddl"}
EVENT: {"event_type": "episode_completed", "timestamp": "2025-12-04T18:30:12.475537", "experiment_id": "20251204_182736", "episode": 5, "problem_name": "problem_small_01.pddl", "reward": 8.296170683874246, "steps": 22, "h_preservation": 0.8333333333333334, "is_solvable": true}
EVENT: {"event_type": "episode_started", "timestamp": "2025-12-04T18:30:12.478313", "experiment_id": "20251204_182736", "episode": 6, "problem_name": "problem_small_17.pddl"}
EVENT: {"event_type": "episode_completed", "timestamp": "2025-12-04T18:30:55.414840", "experiment_id": "20251204_182736", "episode": 6, "problem_name": "problem_small_17.pddl", "reward": 8.815047428268832, "steps": 22, "h_preservation": 1.0, "is_solvable": true}
EVENT: {"event_type": "episode_started", "timestamp": "2025-12-04T18:30:55.417910", "experiment_id": "20251204_182736", "episode": 7, "problem_name": "problem_small_01.pddl"}
EVENT: {"event_type": "episode_completed", "timestamp": "2025-12-04T18:31:20.061188", "experiment_id": "20251204_182736", "episode": 7, "problem_name": "problem_small_01.pddl", "reward": 8.979628716239207, "steps": 22, "h_preservation": 1.0, "is_solvable": true}
EVENT: {"event_type": "episode_started", "timestamp": "2025-12-04T18:31:20.083247", "experiment_id": "20251204_182736", "episode": 8, "problem_name": "problem_small_01.pddl"}
EVENT: {"event_type": "episode_completed", "timestamp": "2025-12-04T18:31:42.995602", "experiment_id": "20251204_182736", "episode": 8, "problem_name": "problem_small_01.pddl", "reward": 8.37137417432267, "steps": 22, "h_preservation": 1.0, "is_solvable": true}
EVENT: {"event_type": "episode_started", "timestamp": "2025-12-04T18:31:42.995602", "experiment_id": "20251204_182736", "episode": 9, "problem_name": "problem_small_01.pddl"}
EVENT: {"event_type": "episode_completed", "timestamp": "2025-12-04T18:32:24.087211", "experiment_id": "20251204_182736", "episode": 9, "problem_name": "problem_small_01.pddl", "reward": 7.48455833646887, "steps": 22, "h_preservation": 1.0, "is_solvable": true}
EVENT: {"event_type": "episode_started", "timestamp": "2025-12-04T18:32:24.093843", "experiment_id": "20251204_182736", "episode": 10, "problem_name": "problem_small_07.pddl"}
EVENT: {"event_type": "episode_completed", "timestamp": "2025-12-04T18:33:05.899180", "experiment_id": "20251204_182736", "episode": 10, "problem_name": "problem_small_07.pddl", "reward": 7.54453133937751, "steps": 22, "h_preservation": 1.0, "is_solvable": true}
EVENT: {"event_type": "episode_started", "timestamp": "2025-12-04T18:33:05.900960", "experiment_id": "20251204_182736", "episode": 11, "problem_name": "problem_small_17.pddl"}
EVENT: {"event_type": "episode_completed", "timestamp": "2025-12-04T18:33:46.079918", "experiment_id": "20251204_182736", "episode": 11, "problem_name": "problem_small_17.pddl", "reward": 7.166548594662989, "steps": 22, "h_preservation": 1.0, "is_solvable": true}
EVENT: {"event_type": "episode_started", "timestamp": "2025-12-04T18:33:46.092696", "experiment_id": "20251204_182736", "episode": 12, "problem_name": "problem_small_17.pddl"}
EVENT: {"event_type": "episode_completed", "timestamp": "2025-12-04T18:34:27.495233", "experiment_id": "20251204_182736", "episode": 12, "problem_name": "problem_small_17.pddl", "reward": 7.14959669128121, "steps": 22, "h_preservation": 1.0, "is_solvable": true}
EVENT: {"event_type": "episode_started", "timestamp": "2025-12-04T18:34:27.505457", "experiment_id": "20251204_182736", "episode": 13, "problem_name": "problem_small_07.pddl"}
EVENT: {"event_type": "episode_completed", "timestamp": "2025-12-04T18:35:09.339781", "experiment_id": "20251204_182736", "episode": 13, "problem_name": "problem_small_07.pddl", "reward": 7.54453133937751, "steps": 22, "h_preservation": 1.0, "is_solvable": true}
EVENT: {"event_type": "episode_started", "timestamp": "2025-12-04T18:35:09.342334", "experiment_id": "20251204_182736", "episode": 14, "problem_name": "problem_small_17.pddl"}
EVENT: {"event_type": "episode_completed", "timestamp": "2025-12-04T18:35:50.640017", "experiment_id": "20251204_182736", "episode": 14, "problem_name": "problem_small_17.pddl", "reward": 7.14959669128121, "steps": 22, "h_preservation": 1.0, "is_solvable": true}
EVENT: {"event_type": "episode_started", "timestamp": "2025-12-04T18:35:50.645195", "experiment_id": "20251204_182736", "episode": 15, "problem_name": "problem_small_07.pddl"}
EVENT: {"event_type": "episode_completed", "timestamp": "2025-12-04T18:36:32.227925", "experiment_id": "20251204_182736", "episode": 15, "problem_name": "problem_small_07.pddl", "reward": 7.54453133937751, "steps": 22, "h_preservation": 1.0, "is_solvable": true}
EVENT: {"event_type": "episode_started", "timestamp": "2025-12-04T18:36:32.243766", "experiment_id": "20251204_182736", "episode": 16, "problem_name": "problem_small_01.pddl"}
EVENT: {"event_type": "episode_completed", "timestamp": "2025-12-04T18:37:12.683076", "experiment_id": "20251204_182736", "episode": 16, "problem_name": "problem_small_01.pddl", "reward": 7.48455833646887, "steps": 22, "h_preservation": 1.0, "is_solvable": true}
EVENT: {"event_type": "episode_started", "timestamp": "2025-12-04T18:37:12.687506", "experiment_id": "20251204_182736", "episode": 17, "problem_name": "problem_small_17.pddl"}
EVENT: {"event_type": "episode_completed", "timestamp": "2025-12-04T18:38:12.653274", "experiment_id": "20251204_182736", "episode": 17, "problem_name": "problem_small_17.pddl", "reward": 7.14959669128121, "steps": 22, "h_preservation": 1.0, "is_solvable": true}
EVENT: {"event_type": "episode_started", "timestamp": "2025-12-04T18:38:12.672451", "experiment_id": "20251204_182736", "episode": 18, "problem_name": "problem_small_01.pddl"}
EVENT: {"event_type": "episode_completed", "timestamp": "2025-12-04T18:39:09.149835", "experiment_id": "20251204_182736", "episode": 18, "problem_name": "problem_small_01.pddl", "reward": 7.48455833646887, "steps": 22, "h_preservation": 1.0, "is_solvable": true}
EVENT: {"event_type": "episode_started", "timestamp": "2025-12-04T18:39:09.169253", "experiment_id": "20251204_182736", "episode": 19, "problem_name": "problem_small_17.pddl"}
EVENT: {"event_type": "episode_completed", "timestamp": "2025-12-04T18:40:09.450936", "experiment_id": "20251204_182736", "episode": 19, "problem_name": "problem_small_17.pddl", "reward": 7.14959669128121, "steps": 22, "h_preservation": 1.0, "is_solvable": true}
EVENT: {"event_type": "episode_started", "timestamp": "2025-12-04T18:40:09.463518", "experiment_id": "20251204_182736", "episode": 20, "problem_name": "problem_small_17.pddl"}
EVENT: {"event_type": "episode_completed", "timestamp": "2025-12-04T18:41:19.829423", "experiment_id": "20251204_182736", "episode": 20, "problem_name": "problem_small_17.pddl", "reward": 7.14959669128121, "steps": 22, "h_preservation": 1.0, "is_solvable": true}
EVENT: {"event_type": "episode_started", "timestamp": "2025-12-04T18:41:19.830963", "experiment_id": "20251204_182736", "episode": 21, "problem_name": "problem_small_17.pddl"}
EVENT: {"event_type": "episode_completed", "timestamp": "2025-12-04T18:42:18.093207", "experiment_id": "20251204_182736", "episode": 21, "problem_name": "problem_small_17.pddl", "reward": 7.14959669128121, "steps": 22, "h_preservation": 1.0, "is_solvable": true}
EVENT: {"event_type": "episode_started", "timestamp": "2025-12-04T18:42:18.119100", "experiment_id": "20251204_182736", "episode": 22, "problem_name": "problem_small_17.pddl"}
EVENT: {"event_type": "episode_completed", "timestamp": "2025-12-04T18:43:43.008840", "experiment_id": "20251204_182736", "episode": 22, "problem_name": "problem_small_17.pddl", "reward": 7.14959669128121, "steps": 22, "h_preservation": 1.0, "is_solvable": true}
EVENT: {"event_type": "episode_started", "timestamp": "2025-12-04T18:43:43.031602", "experiment_id": "20251204_182736", "episode": 23, "problem_name": "problem_small_01.pddl"}
EVENT: {"event_type": "episode_completed", "timestamp": "2025-12-04T18:44:52.383662", "experiment_id": "20251204_182736", "episode": 23, "problem_name": "problem_small_01.pddl", "reward": 7.48455833646887, "steps": 22, "h_preservation": 1.0, "is_solvable": true}
EVENT: {"event_type": "episode_started", "timestamp": "2025-12-04T18:44:52.394677", "experiment_id": "20251204_182736", "episode": 24, "problem_name": "problem_small_07.pddl"}
EVENT: {"event_type": "episode_completed", "timestamp": "2025-12-04T18:46:04.987066", "experiment_id": "20251204_182736", "episode": 24, "problem_name": "problem_small_07.pddl", "reward": 7.54453133937751, "steps": 22, "h_preservation": 1.0, "is_solvable": true}
EVENT: {"event_type": "episode_started", "timestamp": "2025-12-04T18:46:04.994406", "experiment_id": "20251204_182736", "episode": 25, "problem_name": "problem_small_17.pddl"}
EVENT: {"event_type": "episode_completed", "timestamp": "2025-12-04T18:46:52.576295", "experiment_id": "20251204_182736", "episode": 25, "problem_name": "problem_small_17.pddl", "reward": 7.14959669128121, "steps": 22, "h_preservation": 1.0, "is_solvable": true}
EVENT: {"event_type": "episode_started", "timestamp": "2025-12-04T18:46:52.586332", "experiment_id": "20251204_182736", "episode": 26, "problem_name": "problem_small_01.pddl"}
EVENT: {"event_type": "episode_completed", "timestamp": "2025-12-04T18:47:43.563990", "experiment_id": "20251204_182736", "episode": 26, "problem_name": "problem_small_01.pddl", "reward": 7.48455833646887, "steps": 22, "h_preservation": 1.0, "is_solvable": true}
EVENT: {"event_type": "episode_started", "timestamp": "2025-12-04T18:47:43.567497", "experiment_id": "20251204_182736", "episode": 27, "problem_name": "problem_small_07.pddl"}
EVENT: {"event_type": "episode_completed", "timestamp": "2025-12-04T18:48:36.200509", "experiment_id": "20251204_182736", "episode": 27, "problem_name": "problem_small_07.pddl", "reward": 7.54453133937751, "steps": 22, "h_preservation": 1.0, "is_solvable": true}
EVENT: {"event_type": "episode_started", "timestamp": "2025-12-04T18:48:36.224129", "experiment_id": "20251204_182736", "episode": 28, "problem_name": "problem_small_07.pddl"}
EVENT: {"event_type": "episode_completed", "timestamp": "2025-12-04T18:49:50.715134", "experiment_id": "20251204_182736", "episode": 28, "problem_name": "problem_small_07.pddl", "reward": 7.54453133937751, "steps": 22, "h_preservation": 1.0, "is_solvable": true}
EVENT: {"event_type": "episode_started", "timestamp": "2025-12-04T18:49:50.737929", "experiment_id": "20251204_182736", "episode": 29, "problem_name": "problem_small_01.pddl"}
EVENT: {"event_type": "episode_completed", "timestamp": "2025-12-04T18:50:54.003339", "experiment_id": "20251204_182736", "episode": 29, "problem_name": "problem_small_01.pddl", "reward": 7.48455833646887, "steps": 22, "h_preservation": 1.0, "is_solvable": true}
EVENT: {"event_type": "checkpoint_saved", "timestamp": "2025-12-04T18:50:54.032149", "experiment_id": "20251204_182736", "step": 750, "path": "overfit_results_quick\\checkpoints\\model_step_750.zip", "reward": 7.48455833646887, "problem_name": "problem_small_01.pddl", "domain_name": ""}
EVENT: {"event_type": "training_completed", "timestamp": "2025-12-04T18:50:54.079305", "experiment_id": "20251204_182736", "total_steps": 750, "total_reward": 229.20646376552642}
